# JRE version: Java(TM) SE Runtime Environment (8.0_201-b09) (build 1.8.0_201-b09)
# Java VM: Java HotSpot(TM) 64-Bit Server VM (25.201-b09 mixed mode linux-amd64 compressed oops)
Heap:
 PSYoungGen      total 128512K, used 5091K [0x00000000d7100000, 0x00000000df700000, 0x0000000100000000)
  eden space 123392K, 0% used [0x00000000d7100000,0x00000000d7100000,0x00000000de980000)
  from space 5120K, 99% used [0x00000000ded00000,0x00000000df1f8e78,0x00000000df200000)
  to   space 5120K, 0% used [0x00000000df200000,0x00000000df200000,0x00000000df700000)
 ParOldGen       total 49152K, used 48696K [0x0000000085200000, 0x0000000088200000, 0x00000000d7100000)
  object space 49152K, 99% used [0x0000000085200000,0x000000008818e090,0x0000000088200000)
 Metaspace       used 34239K, capacity 35354K, committed 35416K, reserved 1079296K
  class space    used 4438K, capacity 4850K, committed 4864K, reserved 1048576K
GC Heap History (10 events):
Event: 9,507 GC heap after
Heap after GC invocations=1 (full 0):
 PSYoungGen      total 36864K, used 5114K [0x00000000d7100000, 0x00000000db900000, 0x0000000100000000)
  eden space 31744K, 0% used [0x00000000d7100000,0x00000000d7100000,0x00000000d9000000)
  from space 5120K, 99% used [0x00000000d9000000,0x00000000d94feaf0,0x00000000d9500000)
  to   space 5120K, 0% used [0x00000000db400000,0x00000000db400000,0x00000000db900000)
 ParOldGen       total 84992K, used 748K [0x0000000085200000, 0x000000008a500000, 0x00000000d7100000)
  object space 84992K, 0% used [0x0000000085200000,0x00000000852bb0d0,0x000000008a500000)
 Metaspace       used 10087K, capacity 10398K, committed 10624K, reserved 1058816K
  class space    used 1178K, capacity 1295K, committed 1408K, reserved 1048576K
}
Event: 12,115 GC heap before
{Heap before GC invocations=2 (full 0):
 PSYoungGen      total 36864K, used 36858K [0x00000000d7100000, 0x00000000db900000, 0x0000000100000000)
  eden space 31744K, 100% used [0x00000000d7100000,0x00000000d9000000,0x00000000d9000000)
  from space 5120K, 99% used [0x00000000d9000000,0x00000000d94feaf0,0x00000000d9500000)
  to   space 5120K, 0% used [0x00000000db400000,0x00000000db400000,0x00000000db900000)
 ParOldGen       total 84992K, used 748K [0x0000000085200000, 0x000000008a500000, 0x00000000d7100000)
  object space 84992K, 0% used [0x0000000085200000,0x00000000852bb0d0,0x000000008a500000)
 Metaspace       used 13121K, capacity 13362K, committed 13568K, reserved 1060864K
  class space    used 1587K, capacity 1685K, committed 1792K, reserved 1048576K
Event: 12,444 GC heap after
Heap after GC invocations=2 (full 0):
 PSYoungGen      total 68608K, used 5090K [0x00000000d7100000, 0x00000000db900000, 0x0000000100000000)
  eden space 63488K, 0% used [0x00000000d7100000,0x00000000d7100000,0x00000000daf00000)
  from space 5120K, 99% used [0x00000000db400000,0x00000000db8f8b70,0x00000000db900000)
  to   space 5120K, 0% used [0x00000000daf00000,0x00000000daf00000,0x00000000db400000)
 ParOldGen       total 84992K, used 770K [0x0000000085200000, 0x000000008a500000, 0x00000000d7100000)
  object space 84992K, 0% used [0x0000000085200000,0x00000000852c0958,0x000000008a500000)
 Metaspace       used 13121K, capacity 13362K, committed 13568K, reserved 1060864K
  class space    used 1587K, capacity 1685K, committed 1792K, reserved 1048576K
}
Event: 16,374 GC heap before
{Heap before GC invocations=3 (full 0):
 PSYoungGen      total 68608K, used 68494K [0x00000000d7100000, 0x00000000db900000, 0x0000000100000000)
  eden space 63488K, 99% used [0x00000000d7100000,0x00000000daeeacb0,0x00000000daf00000)
  from space 5120K, 99% used [0x00000000db400000,0x00000000db8f8b70,0x00000000db900000)
  to   space 5120K, 0% used [0x00000000daf00000,0x00000000daf00000,0x00000000db400000)
 ParOldGen       total 84992K, used 770K [0x0000000085200000, 0x000000008a500000, 0x00000000d7100000)
  object space 84992K, 0% used [0x0000000085200000,0x00000000852c0958,0x000000008a500000)
 Metaspace       used 20624K, capacity 21150K, committed 21248K, reserved 1067008K
  class space    used 2527K, capacity 2730K, committed 2816K, reserved 1048576K
Event: 16,382 GC heap after
Heap after GC invocations=3 (full 0):
 PSYoungGen      total 68608K, used 5112K [0x00000000d7100000, 0x00000000df700000, 0x0000000100000000)
  eden space 63488K, 0% used [0x00000000d7100000,0x00000000d7100000,0x00000000daf00000)
  from space 5120K, 99% used [0x00000000daf00000,0x00000000db3fe0b8,0x00000000db400000)
  to   space 5120K, 0% used [0x00000000df200000,0x00000000df200000,0x00000000df700000)
 ParOldGen       total 84992K, used 4659K [0x0000000085200000, 0x000000008a500000, 0x00000000d7100000)
  object space 84992K, 5% used [0x0000000085200000,0x000000008568ce30,0x000000008a500000)
 Metaspace       used 20624K, capacity 21150K, committed 21248K, reserved 1067008K
  class space    used 2527K, capacity 2730K, committed 2816K, reserved 1048576K
}
Event: 16,382 GC heap before
{Heap before GC invocations=4 (full 1):
 PSYoungGen      total 68608K, used 5112K [0x00000000d7100000, 0x00000000df700000, 0x0000000100000000)
  eden space 63488K, 0% used [0x00000000d7100000,0x00000000d7100000,0x00000000daf00000)
  from space 5120K, 99% used [0x00000000daf00000,0x00000000db3fe0b8,0x00000000db400000)
  to   space 5120K, 0% used [0x00000000df200000,0x00000000df200000,0x00000000df700000)
 ParOldGen       total 84992K, used 4659K [0x0000000085200000, 0x000000008a500000, 0x00000000d7100000)
  object space 84992K, 5% used [0x0000000085200000,0x000000008568ce30,0x000000008a500000)
 Metaspace       used 20624K, capacity 21150K, committed 21248K, reserved 1067008K
  class space    used 2527K, capacity 2730K, committed 2816K, reserved 1048576K
Event: 16,453 GC heap after
Heap after GC invocations=4 (full 1):
 PSYoungGen      total 68608K, used 0K [0x00000000d7100000, 0x00000000df700000, 0x0000000100000000)
  eden space 63488K, 0% used [0x00000000d7100000,0x00000000d7100000,0x00000000daf00000)
  from space 5120K, 0% used [0x00000000daf00000,0x00000000daf00000,0x00000000db400000)
  to   space 5120K, 0% used [0x00000000df200000,0x00000000df200000,0x00000000df700000)
 ParOldGen       total 46592K, used 8744K [0x0000000085200000, 0x0000000087f80000, 0x00000000d7100000)
  object space 46592K, 18% used [0x0000000085200000,0x0000000085a8a168,0x0000000087f80000)
 Metaspace       used 20624K, capacity 21150K, committed 21248K, reserved 1067008K
  class space    used 2527K, capacity 2730K, committed 2816K, reserved 1048576K
}
Event: 18,732 GC heap before
{Heap before GC invocations=5 (full 1):
 PSYoungGen      total 68608K, used 63488K [0x00000000d7100000, 0x00000000df700000, 0x0000000100000000)
  eden space 63488K, 100% used [0x00000000d7100000,0x00000000daf00000,0x00000000daf00000)
  from space 5120K, 0% used [0x00000000daf00000,0x00000000daf00000,0x00000000db400000)
  to   space 5120K, 0% used [0x00000000df200000,0x00000000df200000,0x00000000df700000)
 ParOldGen       total 46592K, used 8744K [0x0000000085200000, 0x0000000087f80000, 0x00000000d7100000)
  object space 46592K, 18% used [0x0000000085200000,0x0000000085a8a168,0x0000000087f80000)
 Metaspace       used 28629K, capacity 29600K, committed 29696K, reserved 1075200K
  class space    used 3686K, capacity 4079K, committed 4096K, reserved 1048576K
Event: 18,742 GC heap after
Heap after GC invocations=5 (full 1):
 PSYoungGen      total 128512K, used 5107K [0x00000000d7100000, 0x00000000df700000, 0x0000000100000000)
  eden space 123392K, 0% used [0x00000000d7100000,0x00000000d7100000,0x00000000de980000)
  from space 5120K, 99% used [0x00000000df200000,0x00000000df6fce90,0x00000000df700000)
  to   space 5120K, 0% used [0x00000000ded00000,0x00000000ded00000,0x00000000df200000)
 ParOldGen       total 46592K, used 12956K [0x0000000085200000, 0x0000000087f80000, 0x00000000d7100000)
  object space 46592K, 27% used [0x0000000085200000,0x0000000085ea7080,0x0000000087f80000)
 Metaspace       used 28629K, capacity 29600K, committed 29696K, reserved 1075200K
  class space    used 3686K, capacity 4079K, committed 4096K, reserved 1048576K
}
Event: 20,452 GC heap before
{Heap before GC invocations=6 (full 1):
 PSYoungGen      total 128512K, used 88505K [0x00000000d7100000, 0x00000000df700000, 0x0000000100000000)
  eden space 123392K, 67% used [0x00000000d7100000,0x00000000dc271698,0x00000000de980000)
  from space 5120K, 99% used [0x00000000df200000,0x00000000df6fce90,0x00000000df700000)
  to   space 5120K, 0% used [0x00000000ded00000,0x00000000ded00000,0x00000000df200000)
 ParOldGen       total 46592K, used 12956K [0x0000000085200000, 0x0000000087f80000, 0x00000000d7100000)
  object space 46592K, 27% used [0x0000000085200000,0x0000000085ea7080,0x0000000087f80000)
 Metaspace       used 34239K, capacity 35354K, committed 35416K, reserved 1079296K
  class space    used 4438K, capacity 4850K, committed 4864K, reserved 1048576K

